TN:
SF:api/server.js
FNF:0
FNH:0
DA:1,1
DA:2,1
DA:3,1
DA:4,1
DA:5,1
DA:6,1
DA:7,1
DA:8,1
DA:9,1
DA:10,1
DA:11,1
DA:12,1
DA:13,1
DA:14,1
DA:15,1
DA:16,1
DA:17,1
DA:18,1
DA:19,1
DA:20,1
DA:21,1
DA:22,1
DA:23,1
DA:24,1
DA:25,1
DA:26,1
DA:27,1
DA:28,1
DA:29,1
DA:30,1
DA:31,1
DA:32,1
DA:33,1
DA:34,1
DA:35,1
DA:36,1
DA:37,1
DA:38,1
DA:39,1
DA:40,1
DA:41,1
DA:42,1
DA:43,1
DA:44,1
DA:45,1
DA:46,1
DA:47,1
DA:48,1
DA:49,1
DA:50,1
DA:51,1
DA:52,0
DA:53,0
DA:54,1
DA:55,1
LF:55
LH:53
BRF:0
BRH:0
end_of_record
TN:
SF:api/controllers/accessController.js
FN:3,Object.<anonymous>.exports.grantAccess
FN:30,Object.<anonymous>.exports.allowIfLoggedin
FNF:2
FNH:2
FNDA:17,Object.<anonymous>.exports.grantAccess
FNDA:3,Object.<anonymous>.exports.allowIfLoggedin
DA:1,1
DA:2,1
DA:3,1
DA:4,17
DA:5,3
DA:6,3
DA:7,3
DA:8,3
DA:9,3
DA:10,3
DA:11,3
DA:12,3
DA:13,1
DA:14,1
DA:15,3
DA:16,3
DA:17,3
DA:18,3
DA:19,0
DA:20,0
DA:21,0
DA:22,0
DA:23,3
DA:24,3
DA:25,0
DA:26,0
DA:27,3
DA:28,17
DA:29,1
DA:30,1
DA:31,3
DA:32,3
DA:33,3
DA:34,3
DA:35,3
DA:36,3
DA:37,3
DA:38,3
DA:39,3
DA:40,3
DA:41,3
DA:42,0
DA:43,0
DA:44,3
LF:44
LH:36
BRDA:3,0,0,17
BRDA:4,1,0,3
BRDA:12,2,0,2
BRDA:12,3,0,1
BRDA:18,4,0,0
BRDA:24,5,0,0
BRDA:30,6,0,3
BRDA:35,7,0,0
BRDA:41,8,0,0
BRF:9
BRH:5
end_of_record
TN:
SF:api/controllers/authController.js
FN:10,Object.<anonymous>.exports.register
FN:39,Object.<anonymous>.exports.login
FN:87,Object.<anonymous>.exports.refresh
FN:112,Object.<anonymous>.exports.checkToken
FN:135,Object.<anonymous>.exports.logout
FNF:5
FNH:2
FNDA:1,Object.<anonymous>.exports.register
FNDA:5,Object.<anonymous>.exports.login
FNDA:0,Object.<anonymous>.exports.refresh
FNDA:0,Object.<anonymous>.exports.checkToken
FNDA:0,Object.<anonymous>.exports.logout
DA:1,1
DA:2,1
DA:3,1
DA:4,1
DA:5,1
DA:6,1
DA:7,1
DA:8,1
DA:9,1
DA:10,1
DA:11,1
DA:12,1
DA:13,1
DA:14,1
DA:15,1
DA:16,1
DA:17,0
DA:18,0
DA:19,0
DA:20,0
DA:21,1
DA:22,1
DA:23,1
DA:24,1
DA:25,1
DA:26,1
DA:27,1
DA:28,1
DA:29,1
DA:30,1
DA:31,1
DA:32,1
DA:33,1
DA:34,1
DA:35,0
DA:36,0
DA:37,1
DA:38,1
DA:39,1
DA:40,5
DA:41,5
DA:42,5
DA:43,5
DA:44,5
DA:45,5
DA:46,0
DA:47,0
DA:48,0
DA:49,0
DA:50,5
DA:51,5
DA:52,0
DA:53,0
DA:54,0
DA:55,0
DA:56,0
DA:57,0
DA:58,0
DA:59,0
DA:60,0
DA:61,0
DA:62,0
DA:63,0
DA:64,0
DA:65,0
DA:66,0
DA:67,0
DA:68,0
DA:69,0
DA:70,0
DA:71,0
DA:72,0
DA:73,0
DA:74,0
DA:75,0
DA:76,0
DA:77,0
DA:78,0
DA:79,0
DA:80,0
DA:81,5
DA:82,5
DA:83,0
DA:84,0
DA:85,5
DA:86,1
DA:87,1
DA:88,0
DA:89,0
DA:90,0
DA:91,0
DA:92,0
DA:93,0
DA:94,0
DA:95,0
DA:96,0
DA:97,0
DA:98,0
DA:99,0
DA:100,0
DA:101,0
DA:102,0
DA:103,0
DA:104,0
DA:105,0
DA:106,0
DA:107,0
DA:108,0
DA:109,0
DA:110,0
DA:111,1
DA:112,1
DA:113,0
DA:114,0
DA:115,0
DA:116,0
DA:117,0
DA:118,0
DA:119,0
DA:120,0
DA:121,0
DA:122,0
DA:123,0
DA:124,0
DA:125,0
DA:126,0
DA:127,0
DA:128,0
DA:129,0
DA:130,0
DA:131,0
DA:132,0
DA:133,0
DA:134,1
DA:135,1
DA:136,0
DA:137,0
DA:138,0
DA:139,0
DA:140,0
DA:141,0
DA:142,0
DA:143,0
DA:144,0
DA:145,0
DA:146,0
DA:147,0
DA:148,0
DA:149,0
DA:150,0
DA:151,0
DA:152,0
DA:153,0
DA:154,0
DA:155,0
DA:156,0
LF:156
LH:50
BRDA:10,0,0,1
BRDA:16,1,0,0
BRDA:34,2,0,0
BRDA:39,3,0,5
BRDA:45,4,0,0
BRDA:51,5,0,0
BRDA:82,6,0,0
BRF:7
BRH:2
end_of_record
TN:
SF:api/controllers/commentsController.js
FN:3,Object.<anonymous>.exports.getAllComments
FN:12,Object.<anonymous>.exports.getCommentById
FN:22,Object.<anonymous>.exports.getPostComments
FN:32,Object.<anonymous>.exports.createComment
FN:46,Object.<anonymous>.exports.updateComment
FN:62,Object.<anonymous>.exports.deleteComment
FNF:6
FNH:1
FNDA:1,Object.<anonymous>.exports.getAllComments
FNDA:0,Object.<anonymous>.exports.getCommentById
FNDA:0,Object.<anonymous>.exports.getPostComments
FNDA:0,Object.<anonymous>.exports.createComment
FNDA:0,Object.<anonymous>.exports.updateComment
FNDA:0,Object.<anonymous>.exports.deleteComment
DA:1,1
DA:2,1
DA:3,1
DA:4,1
DA:5,1
DA:6,1
DA:7,1
DA:8,0
DA:9,0
DA:10,1
DA:11,1
DA:12,1
DA:13,0
DA:14,0
DA:15,0
DA:16,0
DA:17,0
DA:18,0
DA:19,0
DA:20,0
DA:21,1
DA:22,1
DA:23,0
DA:24,0
DA:25,0
DA:26,0
DA:27,0
DA:28,0
DA:29,0
DA:30,0
DA:31,1
DA:32,1
DA:33,0
DA:34,0
DA:35,0
DA:36,0
DA:37,0
DA:38,0
DA:39,0
DA:40,0
DA:41,0
DA:42,0
DA:43,0
DA:44,0
DA:45,1
DA:46,1
DA:47,0
DA:48,0
DA:49,0
DA:50,0
DA:51,0
DA:52,0
DA:53,0
DA:54,0
DA:55,0
DA:56,0
DA:57,0
DA:58,0
DA:59,0
DA:60,0
DA:61,1
DA:62,1
DA:63,0
DA:64,0
DA:65,0
DA:66,0
DA:67,0
DA:68,0
DA:69,0
DA:70,0
DA:71,0
DA:72,0
DA:73,0
DA:74,0
DA:75,0
DA:76,0
DA:77,0
DA:78,0
DA:79,0
DA:80,0
LF:80
LH:18
BRDA:3,0,0,1
BRDA:7,1,0,0
BRF:2
BRH:1
end_of_record
TN:
SF:api/controllers/postsController.js
FN:3,Object.<anonymous>.exports.getAllPosts
FN:12,Object.<anonymous>.exports.getPostById
FN:22,Object.<anonymous>.exports.getUserPostById
FN:32,Object.<anonymous>.exports.createPost
FN:49,Object.<anonymous>.exports.editPost
FN:72,Object.<anonymous>.exports.deletePost
FNF:6
FNH:1
FNDA:1,Object.<anonymous>.exports.getAllPosts
FNDA:0,Object.<anonymous>.exports.getPostById
FNDA:0,Object.<anonymous>.exports.getUserPostById
FNDA:0,Object.<anonymous>.exports.createPost
FNDA:0,Object.<anonymous>.exports.editPost
FNDA:0,Object.<anonymous>.exports.deletePost
DA:1,1
DA:2,1
DA:3,1
DA:4,1
DA:5,1
DA:6,1
DA:7,1
DA:8,0
DA:9,0
DA:10,1
DA:11,1
DA:12,1
DA:13,0
DA:14,0
DA:15,0
DA:16,0
DA:17,0
DA:18,0
DA:19,0
DA:20,0
DA:21,1
DA:22,1
DA:23,0
DA:24,0
DA:25,0
DA:26,0
DA:27,0
DA:28,0
DA:29,0
DA:30,0
DA:31,1
DA:32,1
DA:33,0
DA:34,0
DA:35,0
DA:36,0
DA:37,0
DA:38,0
DA:39,0
DA:40,0
DA:41,0
DA:42,0
DA:43,0
DA:44,0
DA:45,0
DA:46,0
DA:47,0
DA:48,1
DA:49,1
DA:50,0
DA:51,0
DA:52,0
DA:53,0
DA:54,0
DA:55,0
DA:56,0
DA:57,0
DA:58,0
DA:59,0
DA:60,0
DA:61,0
DA:62,0
DA:63,0
DA:64,0
DA:65,0
DA:66,0
DA:67,0
DA:68,0
DA:69,0
DA:70,0
DA:71,1
DA:72,1
DA:73,0
DA:74,0
DA:75,0
DA:76,0
DA:77,0
DA:78,0
DA:79,0
DA:80,0
DA:81,0
DA:82,0
DA:83,0
DA:84,0
DA:85,0
DA:86,0
DA:87,0
DA:88,0
DA:89,0
DA:90,0
DA:91,0
LF:91
LH:18
BRDA:3,0,0,1
BRDA:7,1,0,0
BRF:2
BRH:1
end_of_record
TN:
SF:api/controllers/usersController.js
FN:4,Object.<anonymous>.exports.getAllUsers
FN:13,Object.<anonymous>.exports.getOneUser
FN:23,Object.<anonymous>.exports.updateUser
FN:44,Object.<anonymous>.exports.deleteUser
FN:65,Object.<anonymous>.exports.uploadImage
FN:101,Object.<anonymous>.exports.getUserImage
FN:123,Object.<anonymous>.exports.deleteImage
FNF:7
FNH:2
FNDA:1,Object.<anonymous>.exports.getAllUsers
FNDA:0,Object.<anonymous>.exports.getOneUser
FNDA:1,Object.<anonymous>.exports.updateUser
FNDA:0,Object.<anonymous>.exports.deleteUser
FNDA:0,Object.<anonymous>.exports.uploadImage
FNDA:0,Object.<anonymous>.exports.getUserImage
FNDA:0,Object.<anonymous>.exports.deleteImage
DA:1,1
DA:2,1
DA:3,1
DA:4,1
DA:5,1
DA:6,1
DA:7,1
DA:8,1
DA:9,0
DA:10,0
DA:11,1
DA:12,1
DA:13,1
DA:14,0
DA:15,0
DA:16,0
DA:17,0
DA:18,0
DA:19,0
DA:20,0
DA:21,0
DA:22,1
DA:23,1
DA:24,1
DA:25,1
DA:26,1
DA:27,1
DA:28,1
DA:29,1
DA:30,0
DA:31,0
DA:32,0
DA:33,0
DA:34,0
DA:35,0
DA:36,0
DA:37,0
DA:38,0
DA:39,1
DA:40,0
DA:41,0
DA:42,1
DA:43,1
DA:44,1
DA:45,0
DA:46,0
DA:47,0
DA:48,0
DA:49,0
DA:50,0
DA:51,0
DA:52,0
DA:53,0
DA:54,0
DA:55,0
DA:56,0
DA:57,0
DA:58,0
DA:59,0
DA:60,0
DA:61,0
DA:62,0
DA:63,0
DA:64,1
DA:65,1
DA:66,0
DA:67,0
DA:68,0
DA:69,0
DA:70,0
DA:71,0
DA:72,0
DA:73,0
DA:74,0
DA:75,0
DA:76,0
DA:77,0
DA:78,0
DA:79,0
DA:80,0
DA:81,0
DA:82,0
DA:83,0
DA:84,0
DA:85,0
DA:86,0
DA:87,0
DA:88,0
DA:89,0
DA:90,0
DA:91,0
DA:92,0
DA:93,0
DA:94,0
DA:95,0
DA:96,0
DA:97,0
DA:98,0
DA:99,0
DA:100,1
DA:101,1
DA:102,0
DA:103,0
DA:104,0
DA:105,0
DA:106,0
DA:107,0
DA:108,0
DA:109,0
DA:110,0
DA:111,0
DA:112,0
DA:113,0
DA:114,0
DA:115,0
DA:116,0
DA:117,0
DA:118,0
DA:119,0
DA:120,0
DA:121,0
DA:122,1
DA:123,1
DA:124,0
DA:125,0
DA:126,0
DA:127,0
DA:128,0
DA:129,0
DA:130,0
DA:131,0
DA:132,0
DA:133,0
DA:134,0
DA:135,0
DA:136,0
DA:137,0
DA:138,0
DA:139,0
DA:140,0
DA:141,0
DA:142,0
DA:143,0
LF:143
LH:29
BRDA:4,0,0,1
BRDA:8,1,0,0
BRDA:23,2,0,1
BRDA:29,3,0,0
BRDA:39,4,0,0
BRF:5
BRH:2
end_of_record
TN:
SF:api/db/dbConfig.js
FNF:0
FNH:0
DA:1,1
DA:2,1
DA:3,1
DA:4,1
DA:5,1
LF:5
LH:5
BRF:0
BRH:0
end_of_record
TN:
SF:api/db/knexfile.js
FNF:0
FNH:0
DA:1,1
DA:2,1
DA:3,1
DA:4,1
DA:5,1
DA:6,1
DA:7,1
DA:8,1
DA:9,1
DA:10,1
DA:11,1
DA:12,1
DA:13,1
DA:14,1
DA:15,1
DA:16,1
DA:17,1
DA:18,1
DA:19,1
DA:20,1
DA:21,1
DA:22,1
DA:23,1
DA:24,1
DA:25,1
DA:26,1
DA:27,1
DA:28,1
DA:29,1
DA:30,1
DA:31,1
DA:32,1
DA:33,1
DA:34,1
DA:35,1
DA:36,1
DA:37,1
DA:38,1
DA:39,1
DA:40,1
DA:41,1
DA:42,1
DA:43,1
DA:44,1
DA:45,1
DA:46,1
DA:47,1
DA:48,1
DA:49,1
DA:50,1
DA:51,1
DA:52,1
DA:53,1
DA:54,1
DA:55,1
DA:56,1
DA:57,1
DA:58,1
DA:59,1
DA:60,1
DA:61,1
DA:62,1
DA:63,1
DA:64,1
DA:65,1
LF:65
LH:65
BRF:0
BRH:0
end_of_record
TN:
SF:api/db/migrations/20220515073734_users.js
FN:5,Object.<anonymous>.exports.up
FN:26,Object.<anonymous>.exports.down
FNF:2
FNH:2
FNDA:1,Object.<anonymous>.exports.up
FNDA:1,Object.<anonymous>.exports.down
DA:1,1
DA:2,1
DA:3,1
DA:4,1
DA:5,1
DA:6,1
DA:7,1
DA:8,1
DA:9,1
DA:10,1
DA:11,1
DA:12,1
DA:13,1
DA:14,1
DA:15,1
DA:16,1
DA:17,1
DA:18,1
DA:19,1
DA:20,1
DA:21,1
DA:22,1
DA:23,1
DA:24,1
DA:25,1
DA:26,1
DA:27,1
DA:28,1
DA:29,1
LF:29
LH:29
BRDA:5,0,0,1
BRDA:6,1,0,1
BRDA:8,2,0,1
BRDA:26,3,0,1
BRF:4
BRH:4
end_of_record
TN:
SF:api/db/migrations/20220515073749_posts.js
FN:5,Object.<anonymous>.exports.up
FN:28,Object.<anonymous>.exports.down
FNF:2
FNH:2
FNDA:1,Object.<anonymous>.exports.up
FNDA:1,Object.<anonymous>.exports.down
DA:1,1
DA:2,1
DA:3,1
DA:4,1
DA:5,1
DA:6,1
DA:7,1
DA:8,1
DA:9,1
DA:10,1
DA:11,1
DA:12,1
DA:13,1
DA:14,1
DA:15,1
DA:16,1
DA:17,1
DA:18,1
DA:19,1
DA:20,1
DA:21,1
DA:22,1
DA:23,1
DA:24,1
DA:25,1
DA:26,1
DA:27,1
DA:28,1
DA:29,1
DA:30,1
LF:30
LH:30
BRDA:5,0,0,1
BRDA:6,1,0,1
BRDA:8,2,0,1
BRDA:28,3,0,1
BRF:4
BRH:4
end_of_record
TN:
SF:api/db/migrations/20220515073759_comments.js
FN:5,Object.<anonymous>.exports.up
FN:32,Object.<anonymous>.exports.down
FNF:2
FNH:2
FNDA:1,Object.<anonymous>.exports.up
FNDA:1,Object.<anonymous>.exports.down
DA:1,1
DA:2,1
DA:3,1
DA:4,1
DA:5,1
DA:6,1
DA:7,1
DA:8,1
DA:9,1
DA:10,1
DA:11,1
DA:12,1
DA:13,1
DA:14,1
DA:15,1
DA:16,1
DA:17,1
DA:18,1
DA:19,1
DA:20,1
DA:21,1
DA:22,1
DA:23,1
DA:24,1
DA:25,1
DA:26,1
DA:27,1
DA:28,1
DA:29,1
DA:30,1
DA:31,1
DA:32,1
DA:33,1
DA:34,1
LF:34
LH:34
BRDA:5,0,0,1
BRDA:6,1,0,1
BRDA:8,2,0,1
BRDA:32,3,0,1
BRF:4
BRH:4
end_of_record
TN:
SF:api/db/seeds/00-cleanup.js
FN:8,Object.<anonymous>.exports.seed
FNF:1
FNH:1
FNDA:1,Object.<anonymous>.exports.seed
DA:1,1
DA:2,1
DA:3,1
DA:4,1
DA:5,1
DA:6,1
DA:7,1
DA:8,1
DA:9,1
DA:10,1
DA:11,1
DA:12,1
LF:12
LH:12
BRDA:8,0,0,1
BRF:1
BRH:1
end_of_record
TN:
SF:api/db/seeds/01-users.js
FN:5,Object.<anonymous>.exports.seed
FNF:1
FNH:1
FNDA:1,Object.<anonymous>.exports.seed
DA:1,1
DA:2,1
DA:3,1
DA:4,1
DA:5,1
DA:6,1
DA:7,1
DA:8,1
DA:9,1
DA:10,1
DA:11,1
DA:12,1
DA:13,1
DA:14,1
DA:15,1
DA:16,1
DA:17,1
DA:18,1
DA:19,1
DA:20,1
DA:21,1
LF:21
LH:21
BRDA:5,0,0,1
BRF:1
BRH:1
end_of_record
TN:
SF:api/db/seeds/02-posts.js
FN:5,Object.<anonymous>.exports.seed
FNF:1
FNH:1
FNDA:1,Object.<anonymous>.exports.seed
DA:1,1
DA:2,1
DA:3,1
DA:4,1
DA:5,1
DA:6,1
DA:7,1
DA:8,1
DA:9,1
DA:10,1
DA:11,1
DA:12,1
DA:13,1
DA:14,1
DA:15,1
DA:16,1
DA:17,1
DA:18,1
LF:18
LH:18
BRDA:5,0,0,1
BRF:1
BRH:1
end_of_record
TN:
SF:api/db/seeds/03-comments.js
FN:5,Object.<anonymous>.exports.seed
FNF:1
FNH:1
FNDA:1,Object.<anonymous>.exports.seed
DA:1,1
DA:2,1
DA:3,1
DA:4,1
DA:5,1
DA:6,1
DA:7,1
DA:8,1
DA:9,1
DA:10,1
DA:11,1
DA:12,1
DA:13,1
DA:14,1
DA:15,1
DA:16,1
DA:17,1
DA:18,1
LF:18
LH:18
BRDA:5,0,0,1
BRF:1
BRH:1
end_of_record
TN:
SF:api/middleware/isLoggedIn.js
FN:1,isLoggedIn
FN:14,isLoggedOut
FNF:2
FNH:0
FNDA:0,isLoggedIn
FNDA:0,isLoggedOut
DA:1,1
DA:2,0
DA:3,0
DA:4,0
DA:5,0
DA:6,0
DA:7,0
DA:8,0
DA:9,0
DA:10,0
DA:11,0
DA:12,0
DA:13,1
DA:14,1
DA:15,0
DA:16,0
DA:17,0
DA:18,0
DA:19,0
DA:20,0
DA:21,0
DA:22,0
DA:23,0
DA:24,0
DA:25,0
DA:26,0
DA:27,0
DA:28,1
DA:29,1
DA:30,1
DA:31,1
LF:31
LH:7
BRF:0
BRH:0
end_of_record
TN:
SF:api/middleware/validate.js
FN:3,Object.<anonymous>.exports.registrationValidation
FN:16,errorFormatter
FN:30,Object.<anonymous>.exports.loginValidation
FN:35,errorFormatter
FN:49,Object.<anonymous>.exports.postValidation
FN:70,Object.<anonymous>.exports.commentValidation
FNF:6
FNH:2
FNDA:1,Object.<anonymous>.exports.registrationValidation
FNDA:0,errorFormatter
FNDA:5,Object.<anonymous>.exports.loginValidation
FNDA:0,errorFormatter
FNDA:0,Object.<anonymous>.exports.postValidation
FNDA:0,Object.<anonymous>.exports.commentValidation
DA:1,1
DA:2,1
DA:3,1
DA:4,1
DA:5,1
DA:6,1
DA:7,1
DA:8,1
DA:9,1
DA:10,0
DA:11,0
DA:12,1
DA:13,1
DA:14,1
DA:15,1
DA:16,1
DA:17,0
DA:18,0
DA:19,1
DA:20,1
DA:21,1
DA:22,1
DA:23,0
DA:24,0
DA:25,0
DA:26,0
DA:27,1
DA:28,1
DA:29,1
DA:30,1
DA:31,5
DA:32,5
DA:33,5
DA:34,5
DA:35,5
DA:36,0
DA:37,0
DA:38,5
DA:39,5
DA:40,5
DA:41,5
DA:42,0
DA:43,0
DA:44,0
DA:45,0
DA:46,5
DA:47,5
DA:48,1
DA:49,1
DA:50,0
DA:51,0
DA:52,0
DA:53,0
DA:54,0
DA:55,0
DA:56,0
DA:57,0
DA:58,0
DA:59,0
DA:60,0
DA:61,0
DA:62,0
DA:63,0
DA:64,0
DA:65,0
DA:66,0
DA:67,0
DA:68,0
DA:69,1
DA:70,1
DA:71,0
DA:72,0
DA:73,0
DA:74,0
DA:75,0
DA:76,0
DA:77,0
DA:78,0
DA:79,0
DA:80,0
DA:81,0
DA:82,0
DA:83,0
DA:84,0
DA:85,0
LF:85
LH:37
BRDA:3,0,0,1
BRDA:22,1,0,0
BRDA:8,2,0,1
BRDA:9,3,0,0
BRDA:30,4,0,5
BRDA:41,5,0,0
BRF:6
BRH:3
end_of_record
TN:
SF:api/middleware/verifyToken.js
FN:4,verifyToken
FNF:1
FNH:1
FNDA:3,verifyToken
DA:1,1
DA:2,1
DA:3,1
DA:4,1
DA:5,3
DA:6,3
DA:7,3
DA:8,3
DA:9,3
DA:10,3
DA:11,3
DA:12,3
DA:13,3
DA:14,3
DA:15,3
DA:16,3
DA:17,3
DA:18,3
DA:19,3
DA:20,0
DA:21,0
DA:22,3
DA:23,1
DA:24,1
LF:24
LH:22
BRDA:4,0,0,3
BRDA:11,1,0,0
BRDA:19,2,0,0
BRF:3
BRH:1
end_of_record
TN:
SF:api/models/commentsModel.js
FN:14,find
FN:19,findOne
FN:23,findById
FN:28,add
FN:33,update
FN:38,remove
FN:42,findPostComments
FN:47,findCommentById
FNF:8
FNH:1
FNDA:1,find
FNDA:0,findOne
FNDA:0,findById
FNDA:0,add
FNDA:0,update
FNDA:0,remove
FNDA:0,findPostComments
FNDA:0,findCommentById
DA:1,1
DA:2,1
DA:3,1
DA:4,1
DA:5,1
DA:6,1
DA:7,1
DA:8,1
DA:9,1
DA:10,1
DA:11,1
DA:12,1
DA:13,1
DA:14,1
DA:15,1
DA:16,1
DA:17,1
DA:18,1
DA:19,0
DA:20,0
DA:21,0
DA:22,1
DA:23,0
DA:24,0
DA:25,0
DA:26,0
DA:27,1
DA:28,0
DA:29,0
DA:30,0
DA:31,0
DA:32,1
DA:33,0
DA:34,0
DA:35,0
DA:36,0
DA:37,1
DA:38,0
DA:39,0
DA:40,0
DA:41,1
DA:42,0
DA:43,0
DA:44,0
DA:45,0
DA:46,1
DA:47,0
DA:48,0
DA:49,0
DA:50,0
LF:50
LH:24
BRDA:14,0,0,1
BRF:1
BRH:1
end_of_record
TN:
SF:api/models/postsModel.js
FN:13,find
FN:18,findOne
FN:22,findById
FN:27,add
FN:32,update
FN:37,remove
FN:41,findPostByUserId
FNF:7
FNH:1
FNDA:1,find
FNDA:0,findOne
FNDA:0,findById
FNDA:0,add
FNDA:0,update
FNDA:0,remove
FNDA:0,findPostByUserId
DA:1,1
DA:2,1
DA:3,1
DA:4,1
DA:5,1
DA:6,1
DA:7,1
DA:8,1
DA:9,1
DA:10,1
DA:11,1
DA:12,1
DA:13,1
DA:14,1
DA:15,1
DA:16,1
DA:17,1
DA:18,0
DA:19,0
DA:20,0
DA:21,1
DA:22,0
DA:23,0
DA:24,0
DA:25,0
DA:26,1
DA:27,0
DA:28,0
DA:29,0
DA:30,0
DA:31,1
DA:32,0
DA:33,0
DA:34,0
DA:35,0
DA:36,1
DA:37,0
DA:38,0
DA:39,0
DA:40,1
DA:41,0
DA:42,0
DA:43,0
DA:44,0
DA:45,0
DA:46,0
LF:46
LH:22
BRDA:13,0,0,1
BRF:1
BRH:1
end_of_record
TN:
SF:api/models/usersModel.js
FN:15,find
FN:19,findById
FN:23,findOne
FN:27,add
FN:32,update
FN:37,remove
FN:41,addImage
FN:46,findUserImage
FN:52,removeImage
FNF:9
FNH:5
FNDA:1,find
FNDA:2,findById
FNDA:6,findOne
FNDA:1,add
FNDA:1,update
FNDA:0,remove
FNDA:0,addImage
FNDA:0,findUserImage
FNDA:0,removeImage
DA:1,1
DA:2,1
DA:3,1
DA:4,1
DA:5,1
DA:6,1
DA:7,1
DA:8,1
DA:9,1
DA:10,1
DA:11,1
DA:12,1
DA:13,1
DA:14,1
DA:15,1
DA:16,1
DA:17,1
DA:18,1
DA:19,2
DA:20,2
DA:21,2
DA:22,1
DA:23,6
DA:24,6
DA:25,6
DA:26,1
DA:27,1
DA:28,1
DA:29,1
DA:30,1
DA:31,1
DA:32,1
DA:33,1
DA:34,1
DA:35,1
DA:36,1
DA:37,0
DA:38,0
DA:39,0
DA:40,1
DA:41,0
DA:42,0
DA:43,0
DA:44,0
DA:45,1
DA:46,0
DA:47,0
DA:48,0
DA:49,0
DA:50,0
DA:51,1
DA:52,0
DA:53,0
DA:54,0
LF:54
LH:39
BRDA:15,0,0,1
BRDA:19,1,0,2
BRDA:23,2,0,6
BRDA:27,3,0,1
BRDA:32,4,0,1
BRF:5
BRH:5
end_of_record
TN:
SF:api/routes/authRouter.js
FNF:0
FNH:0
DA:1,1
DA:2,1
DA:3,1
DA:4,1
DA:5,1
DA:6,1
DA:7,1
DA:8,1
DA:9,1
DA:10,1
DA:11,1
DA:12,1
DA:13,1
DA:14,1
DA:15,1
DA:16,1
DA:17,1
DA:18,1
DA:19,1
DA:20,1
DA:21,1
DA:22,1
DA:23,1
DA:24,1
DA:25,1
DA:26,1
DA:27,1
DA:28,1
DA:29,1
DA:30,1
DA:31,1
DA:32,1
DA:33,1
DA:34,1
DA:35,1
DA:36,1
DA:37,1
DA:38,1
LF:38
LH:38
BRF:0
BRH:0
end_of_record
TN:
SF:api/routes/commentsRouter.js
FNF:0
FNH:0
DA:1,1
DA:2,1
DA:3,1
DA:4,1
DA:5,1
DA:6,1
DA:7,1
DA:8,1
DA:9,1
DA:10,1
DA:11,1
DA:12,1
DA:13,1
DA:14,1
DA:15,1
DA:16,1
DA:17,1
DA:18,1
DA:19,1
DA:20,1
DA:21,1
DA:22,1
DA:23,1
DA:24,1
DA:25,1
DA:26,1
DA:27,1
DA:28,1
DA:29,1
DA:30,1
DA:31,1
DA:32,1
DA:33,1
DA:34,1
DA:35,1
DA:36,1
DA:37,1
DA:38,1
DA:39,1
DA:40,1
DA:41,1
LF:41
LH:41
BRF:0
BRH:0
end_of_record
TN:
SF:api/routes/postsRoutes.js
FNF:0
FNH:0
DA:1,1
DA:2,1
DA:3,1
DA:4,1
DA:5,1
DA:6,1
DA:7,1
DA:8,1
DA:9,1
DA:10,1
DA:11,1
DA:12,1
DA:13,1
DA:14,1
DA:15,1
DA:16,1
DA:17,1
DA:18,1
DA:19,1
DA:20,1
DA:21,1
DA:22,1
DA:23,1
DA:24,1
DA:25,1
DA:26,1
DA:27,1
DA:28,1
DA:29,1
DA:30,1
DA:31,1
DA:32,1
DA:33,1
DA:34,1
DA:35,1
DA:36,1
DA:37,1
DA:38,1
DA:39,1
DA:40,1
DA:41,1
DA:42,1
DA:43,1
DA:44,1
DA:45,1
LF:45
LH:45
BRF:0
BRH:0
end_of_record
TN:
SF:api/routes/usersRouter.js
FNF:0
FNH:0
DA:1,1
DA:2,1
DA:3,1
DA:4,1
DA:5,1
DA:6,1
DA:7,1
DA:8,1
DA:9,1
DA:10,1
DA:11,1
DA:12,1
DA:13,1
DA:14,1
DA:15,1
DA:16,1
DA:17,1
DA:18,1
DA:19,1
DA:20,1
DA:21,1
DA:22,1
DA:23,1
DA:24,1
DA:25,1
DA:26,1
DA:27,1
DA:28,1
DA:29,1
DA:30,1
DA:31,1
DA:32,1
DA:33,1
DA:34,1
DA:35,1
DA:36,1
DA:37,1
DA:38,1
DA:39,1
DA:40,1
DA:41,1
DA:42,1
DA:43,1
DA:44,1
DA:45,1
LF:45
LH:45
BRF:0
BRH:0
end_of_record
TN:
SF:api/utils/roles.js
FNF:0
FNH:0
DA:1,1
DA:2,1
DA:3,1
DA:4,1
DA:5,1
DA:6,1
DA:7,1
DA:8,1
DA:9,1
DA:10,1
DA:11,1
DA:12,1
DA:13,1
DA:14,1
DA:15,1
DA:16,1
DA:17,1
DA:18,1
DA:19,1
DA:20,1
DA:21,1
DA:22,1
DA:23,1
DA:24,1
DA:25,1
DA:26,1
LF:26
LH:26
BRDA:4,0,0,1
BRF:1
BRH:1
end_of_record
TN:
SF:api/utils/signTokens.js
FN:4,generateAccessToken
FN:8,generateRefreshToken
FNF:2
FNH:2
FNDA:10,generateAccessToken
FNDA:5,generateRefreshToken
DA:1,1
DA:2,1
DA:3,1
DA:4,10
DA:5,10
DA:6,10
DA:7,1
DA:8,5
DA:9,5
DA:10,5
DA:11,1
DA:12,1
DA:13,1
DA:14,1
DA:15,1
LF:15
LH:15
BRDA:4,0,0,10
BRDA:8,1,0,5
BRF:2
BRH:2
end_of_record
