TN:
SF:api/server.js
FN:31,filter
FNF:1
FNH:1
FNDA:10,filter
DA:1,1
DA:2,1
DA:3,1
DA:4,1
DA:5,1
DA:6,1
DA:7,1
DA:8,1
DA:9,1
DA:10,1
DA:11,1
DA:12,1
DA:13,1
DA:14,1
DA:15,1
DA:16,1
DA:17,1
DA:18,1
DA:19,1
DA:20,1
DA:21,1
DA:22,1
DA:23,1
DA:24,1
DA:25,1
DA:26,1
DA:27,1
DA:28,1
DA:29,1
DA:30,1
DA:31,1
DA:32,10
DA:33,0
DA:34,0
DA:35,10
DA:36,10
DA:37,1
DA:38,1
DA:39,1
DA:40,1
DA:41,1
DA:42,1
DA:43,1
DA:44,1
DA:45,1
DA:46,1
DA:47,1
DA:48,1
DA:49,1
DA:50,1
DA:51,1
DA:52,1
DA:53,1
DA:54,1
DA:55,1
DA:56,1
DA:57,1
DA:58,1
DA:59,1
DA:60,1
DA:61,1
DA:62,1
DA:63,1
DA:64,1
DA:65,1
DA:66,1
DA:67,1
DA:68,1
DA:69,1
DA:70,1
DA:71,1
DA:72,1
DA:73,1
DA:74,1
DA:75,1
DA:76,1
DA:77,0
DA:78,1
DA:79,1
DA:80,1
LF:80
LH:77
BRDA:31,0,0,10
BRDA:32,1,0,0
BRF:2
BRH:1
end_of_record
TN:
SF:api/controllers/accessController.js
FN:1,Object.<anonymous>.exports.allowIfLoggedin
FNF:1
FNH:1
FNDA:3,Object.<anonymous>.exports.allowIfLoggedin
DA:1,1
DA:2,3
DA:3,3
DA:4,3
DA:5,3
DA:6,3
DA:7,0
DA:8,0
DA:9,3
DA:10,3
DA:11,3
DA:12,3
DA:13,0
DA:14,0
DA:15,3
LF:15
LH:11
BRDA:1,0,0,3
BRDA:6,1,0,0
BRDA:12,2,0,0
BRF:3
BRH:1
end_of_record
TN:
SF:api/controllers/authController.js
FN:10,Object.<anonymous>.exports.register
FN:44,Object.<anonymous>.exports.login
FN:92,Object.<anonymous>.exports.refresh
FN:117,Object.<anonymous>.exports.checkToken
FN:140,Object.<anonymous>.exports.logout
FNF:5
FNH:2
FNDA:1,Object.<anonymous>.exports.register
FNDA:5,Object.<anonymous>.exports.login
FNDA:0,Object.<anonymous>.exports.refresh
FNDA:0,Object.<anonymous>.exports.checkToken
FNDA:0,Object.<anonymous>.exports.logout
DA:1,1
DA:2,1
DA:3,1
DA:4,1
DA:5,1
DA:6,1
DA:7,1
DA:8,1
DA:9,1
DA:10,1
DA:11,1
DA:12,1
DA:13,1
DA:14,1
DA:15,1
DA:16,1
DA:17,1
DA:18,1
DA:19,1
DA:20,1
DA:21,1
DA:22,0
DA:23,0
DA:24,0
DA:25,0
DA:26,1
DA:27,1
DA:28,1
DA:29,1
DA:30,1
DA:31,1
DA:32,1
DA:33,1
DA:34,1
DA:35,1
DA:36,1
DA:37,1
DA:38,1
DA:39,1
DA:40,0
DA:41,0
DA:42,1
DA:43,1
DA:44,1
DA:45,5
DA:46,5
DA:47,5
DA:48,5
DA:49,5
DA:50,5
DA:51,0
DA:52,0
DA:53,0
DA:54,0
DA:55,5
DA:56,5
DA:57,5
DA:58,5
DA:59,5
DA:60,5
DA:61,5
DA:62,5
DA:63,5
DA:64,5
DA:65,5
DA:66,5
DA:67,5
DA:68,5
DA:69,5
DA:70,5
DA:71,5
DA:72,5
DA:73,5
DA:74,5
DA:75,5
DA:76,5
DA:77,5
DA:78,5
DA:79,5
DA:80,5
DA:81,5
DA:82,0
DA:83,0
DA:84,0
DA:85,0
DA:86,5
DA:87,5
DA:88,0
DA:89,0
DA:90,5
DA:91,1
DA:92,1
DA:93,0
DA:94,0
DA:95,0
DA:96,0
DA:97,0
DA:98,0
DA:99,0
DA:100,0
DA:101,0
DA:102,0
DA:103,0
DA:104,0
DA:105,0
DA:106,0
DA:107,0
DA:108,0
DA:109,0
DA:110,0
DA:111,0
DA:112,0
DA:113,0
DA:114,0
DA:115,0
DA:116,1
DA:117,1
DA:118,0
DA:119,0
DA:120,0
DA:121,0
DA:122,0
DA:123,0
DA:124,0
DA:125,0
DA:126,0
DA:127,0
DA:128,0
DA:129,0
DA:130,0
DA:131,0
DA:132,0
DA:133,0
DA:134,0
DA:135,0
DA:136,0
DA:137,0
DA:138,0
DA:139,1
DA:140,1
DA:141,0
DA:142,0
DA:143,0
DA:144,0
DA:145,0
DA:146,0
DA:147,0
DA:148,0
DA:149,0
DA:150,0
DA:151,0
DA:152,0
DA:153,0
DA:154,0
DA:155,0
DA:156,0
DA:157,0
DA:158,0
DA:159,0
DA:160,0
DA:161,0
LF:161
LH:80
BRDA:10,0,0,1
BRDA:21,1,0,0
BRDA:39,2,0,0
BRDA:44,3,0,5
BRDA:50,4,0,0
BRDA:81,5,0,0
BRDA:87,6,0,0
BRF:7
BRH:2
end_of_record
TN:
SF:api/controllers/commentsController.js
FN:4,Object.<anonymous>.exports.getAllComments
FN:13,Object.<anonymous>.exports.getCommentById
FN:29,Object.<anonymous>.exports.createComment
FN:49,Object.<anonymous>.exports.updateComment
FN:71,Object.<anonymous>.exports.deleteComment
FNF:5
FNH:1
FNDA:1,Object.<anonymous>.exports.getAllComments
FNDA:0,Object.<anonymous>.exports.getCommentById
FNDA:0,Object.<anonymous>.exports.createComment
FNDA:0,Object.<anonymous>.exports.updateComment
FNDA:0,Object.<anonymous>.exports.deleteComment
DA:1,1
DA:2,1
DA:3,1
DA:4,1
DA:5,1
DA:6,1
DA:7,1
DA:8,1
DA:9,0
DA:10,0
DA:11,1
DA:12,1
DA:13,1
DA:14,0
DA:15,0
DA:16,0
DA:17,0
DA:18,0
DA:19,0
DA:20,0
DA:21,0
DA:22,0
DA:23,0
DA:24,0
DA:25,0
DA:26,0
DA:27,0
DA:28,1
DA:29,1
DA:30,0
DA:31,0
DA:32,0
DA:33,0
DA:34,0
DA:35,0
DA:36,0
DA:37,0
DA:38,0
DA:39,0
DA:40,0
DA:41,0
DA:42,0
DA:43,0
DA:44,0
DA:45,0
DA:46,0
DA:47,0
DA:48,1
DA:49,1
DA:50,0
DA:51,0
DA:52,0
DA:53,0
DA:54,0
DA:55,0
DA:56,0
DA:57,0
DA:58,0
DA:59,0
DA:60,0
DA:61,0
DA:62,0
DA:63,0
DA:64,0
DA:65,0
DA:66,0
DA:67,0
DA:68,0
DA:69,0
DA:70,1
DA:71,1
DA:72,0
DA:73,0
DA:74,0
DA:75,0
DA:76,0
DA:77,0
DA:78,0
DA:79,0
DA:80,0
DA:81,0
DA:82,0
DA:83,0
DA:84,0
DA:85,0
DA:86,0
DA:87,0
DA:88,0
DA:89,0
DA:90,0
DA:91,0
DA:92,0
DA:93,0
DA:94,0
DA:95,0
DA:96,0
DA:97,0
LF:97
LH:17
BRDA:4,0,0,1
BRDA:8,1,0,0
BRF:2
BRH:1
end_of_record
TN:
SF:api/controllers/postCommentController.js
FN:4,Object.<anonymous>.exports.getPostComments
FNF:1
FNH:0
FNDA:0,Object.<anonymous>.exports.getPostComments
DA:1,1
DA:2,1
DA:3,1
DA:4,1
DA:5,0
DA:6,0
DA:7,0
DA:8,0
DA:9,0
DA:10,0
DA:11,0
DA:12,0
DA:13,0
DA:14,0
DA:15,0
DA:16,0
DA:17,0
DA:18,0
DA:19,0
LF:19
LH:4
BRF:0
BRH:0
end_of_record
TN:
SF:api/controllers/postsController.js
FN:4,Object.<anonymous>.exports.getAllPosts
FN:13,Object.<anonymous>.exports.getPostById
FN:31,Object.<anonymous>.exports.createPost
FN:54,Object.<anonymous>.exports.editPost
FN:82,Object.<anonymous>.exports.deletePost
FNF:5
FNH:1
FNDA:1,Object.<anonymous>.exports.getAllPosts
FNDA:0,Object.<anonymous>.exports.getPostById
FNDA:0,Object.<anonymous>.exports.createPost
FNDA:0,Object.<anonymous>.exports.editPost
FNDA:0,Object.<anonymous>.exports.deletePost
DA:1,1
DA:2,1
DA:3,1
DA:4,1
DA:5,1
DA:6,1
DA:7,1
DA:8,1
DA:9,0
DA:10,0
DA:11,1
DA:12,1
DA:13,1
DA:14,0
DA:15,0
DA:16,0
DA:17,0
DA:18,0
DA:19,0
DA:20,0
DA:21,0
DA:22,0
DA:23,0
DA:24,0
DA:25,0
DA:26,0
DA:27,0
DA:28,0
DA:29,0
DA:30,1
DA:31,1
DA:32,0
DA:33,0
DA:34,0
DA:35,0
DA:36,0
DA:37,0
DA:38,0
DA:39,0
DA:40,0
DA:41,0
DA:42,0
DA:43,0
DA:44,0
DA:45,0
DA:46,0
DA:47,0
DA:48,0
DA:49,0
DA:50,0
DA:51,0
DA:52,0
DA:53,1
DA:54,1
DA:55,0
DA:56,0
DA:57,0
DA:58,0
DA:59,0
DA:60,0
DA:61,0
DA:62,0
DA:63,0
DA:64,0
DA:65,0
DA:66,0
DA:67,0
DA:68,0
DA:69,0
DA:70,0
DA:71,0
DA:72,0
DA:73,0
DA:74,0
DA:75,0
DA:76,0
DA:77,0
DA:78,0
DA:79,0
DA:80,0
DA:81,1
DA:82,1
DA:83,0
DA:84,0
DA:85,0
DA:86,0
DA:87,0
DA:88,0
DA:89,0
DA:90,0
DA:91,0
DA:92,0
DA:93,0
DA:94,0
DA:95,0
DA:96,0
DA:97,0
DA:98,0
DA:99,0
DA:100,0
DA:101,0
DA:102,0
DA:103,0
DA:104,0
DA:105,0
DA:106,0
DA:107,0
DA:108,0
LF:108
LH:17
BRDA:4,0,0,1
BRDA:8,1,0,0
BRF:2
BRH:1
end_of_record
TN:
SF:api/controllers/userPostController.js
FN:4,Object.<anonymous>.exports.getUserPostById
FNF:1
FNH:0
FNDA:0,Object.<anonymous>.exports.getUserPostById
DA:1,1
DA:2,1
DA:3,1
DA:4,1
DA:5,0
DA:6,0
DA:7,0
DA:8,0
DA:9,0
DA:10,0
DA:11,0
DA:12,0
DA:13,0
DA:14,0
DA:15,0
DA:16,0
DA:17,0
DA:18,0
DA:19,0
LF:19
LH:4
BRF:0
BRH:0
end_of_record
TN:
SF:api/controllers/usersController.js
FN:5,Object.<anonymous>.exports.getAllUsers
FN:14,Object.<anonymous>.exports.getOneUser
FN:31,Object.<anonymous>.exports.updateUser
FN:76,Object.<anonymous>.exports.deleteUser
FN:103,Object.<anonymous>.exports.uploadImage
FN:144,Object.<anonymous>.exports.getUserImage
FN:172,Object.<anonymous>.exports.deleteImage
FN:201,Object.<anonymous>.exports.upgradeUser
FN:236,Object.<anonymous>.exports.downgradeUser
FNF:9
FNH:2
FNDA:1,Object.<anonymous>.exports.getAllUsers
FNDA:0,Object.<anonymous>.exports.getOneUser
FNDA:1,Object.<anonymous>.exports.updateUser
FNDA:0,Object.<anonymous>.exports.deleteUser
FNDA:0,Object.<anonymous>.exports.uploadImage
FNDA:0,Object.<anonymous>.exports.getUserImage
FNDA:0,Object.<anonymous>.exports.deleteImage
FNDA:0,Object.<anonymous>.exports.upgradeUser
FNDA:0,Object.<anonymous>.exports.downgradeUser
DA:1,1
DA:2,1
DA:3,1
DA:4,1
DA:5,1
DA:6,1
DA:7,1
DA:8,1
DA:9,1
DA:10,0
DA:11,0
DA:12,1
DA:13,1
DA:14,1
DA:15,0
DA:16,0
DA:17,0
DA:18,0
DA:19,0
DA:20,0
DA:21,0
DA:22,0
DA:23,0
DA:24,0
DA:25,0
DA:26,0
DA:27,0
DA:28,0
DA:29,1
DA:30,1
DA:31,1
DA:32,1
DA:33,1
DA:34,1
DA:35,1
DA:36,1
DA:37,1
DA:38,1
DA:39,0
DA:40,1
DA:41,1
DA:42,1
DA:43,1
DA:44,1
DA:45,1
DA:46,1
DA:47,0
DA:48,0
DA:49,0
DA:50,0
DA:51,0
DA:52,0
DA:53,0
DA:54,0
DA:55,0
DA:56,0
DA:57,0
DA:58,0
DA:59,0
DA:60,0
DA:61,0
DA:62,0
DA:63,0
DA:64,0
DA:65,0
DA:66,0
DA:67,0
DA:68,0
DA:69,0
DA:70,0
DA:71,0
DA:72,0
DA:73,1
DA:74,1
DA:75,1
DA:76,1
DA:77,0
DA:78,0
DA:79,0
DA:80,0
DA:81,0
DA:82,0
DA:83,0
DA:84,0
DA:85,0
DA:86,0
DA:87,0
DA:88,0
DA:89,0
DA:90,0
DA:91,0
DA:92,0
DA:93,0
DA:94,0
DA:95,0
DA:96,0
DA:97,0
DA:98,0
DA:99,0
DA:100,0
DA:101,0
DA:102,1
DA:103,1
DA:104,0
DA:105,0
DA:106,0
DA:107,0
DA:108,0
DA:109,0
DA:110,0
DA:111,0
DA:112,0
DA:113,0
DA:114,0
DA:115,0
DA:116,0
DA:117,0
DA:118,0
DA:119,0
DA:120,0
DA:121,0
DA:122,0
DA:123,0
DA:124,0
DA:125,0
DA:126,0
DA:127,0
DA:128,0
DA:129,0
DA:130,0
DA:131,0
DA:132,0
DA:133,0
DA:134,0
DA:135,0
DA:136,0
DA:137,0
DA:138,0
DA:139,0
DA:140,0
DA:141,0
DA:142,0
DA:143,1
DA:144,1
DA:145,0
DA:146,0
DA:147,0
DA:148,0
DA:149,0
DA:150,0
DA:151,0
DA:152,0
DA:153,0
DA:154,0
DA:155,0
DA:156,0
DA:157,0
DA:158,0
DA:159,0
DA:160,0
DA:161,0
DA:162,0
DA:163,0
DA:164,0
DA:165,0
DA:166,0
DA:167,0
DA:168,0
DA:169,0
DA:170,0
DA:171,1
DA:172,1
DA:173,0
DA:174,0
DA:175,0
DA:176,0
DA:177,0
DA:178,0
DA:179,0
DA:180,0
DA:181,0
DA:182,0
DA:183,0
DA:184,0
DA:185,0
DA:186,0
DA:187,0
DA:188,0
DA:189,0
DA:190,0
DA:191,0
DA:192,0
DA:193,0
DA:194,0
DA:195,0
DA:196,0
DA:197,0
DA:198,0
DA:199,0
DA:200,1
DA:201,1
DA:202,0
DA:203,0
DA:204,0
DA:205,0
DA:206,0
DA:207,0
DA:208,0
DA:209,0
DA:210,0
DA:211,0
DA:212,0
DA:213,0
DA:214,0
DA:215,0
DA:216,0
DA:217,0
DA:218,0
DA:219,0
DA:220,0
DA:221,0
DA:222,0
DA:223,0
DA:224,0
DA:225,0
DA:226,0
DA:227,0
DA:228,0
DA:229,0
DA:230,0
DA:231,0
DA:232,0
DA:233,0
DA:234,0
DA:235,1
DA:236,1
DA:237,0
DA:238,0
DA:239,0
DA:240,0
DA:241,0
DA:242,0
DA:243,0
DA:244,0
DA:245,0
DA:246,0
DA:247,0
DA:248,0
DA:249,0
DA:250,0
DA:251,0
DA:252,0
DA:253,0
DA:254,0
DA:255,0
DA:256,0
DA:257,0
DA:258,0
DA:259,0
DA:260,0
DA:261,0
DA:262,0
DA:263,0
DA:264,0
DA:265,0
DA:266,0
DA:267,0
DA:268,0
DA:269,0
DA:270,0
LF:270
LH:43
BRDA:5,0,0,1
BRDA:9,1,0,0
BRDA:31,2,0,1
BRDA:38,3,0,0
BRDA:39,4,0,0
BRDA:46,5,0,0
BRF:6
BRH:2
end_of_record
TN:
SF:api/db/dbConfig.js
FNF:0
FNH:0
DA:1,1
DA:2,1
DA:3,1
DA:4,1
DA:5,1
DA:6,1
DA:7,1
DA:8,1
DA:9,1
DA:10,1
LF:10
LH:10
BRDA:6,0,0,0
BRDA:6,1,0,0
BRF:2
BRH:0
end_of_record
TN:
SF:api/db/knexfile.js
FN:25,afterCreate
FNF:1
FNH:0
FNDA:0,afterCreate
DA:1,1
DA:2,1
DA:3,1
DA:4,1
DA:5,1
DA:6,1
DA:7,1
DA:8,1
DA:9,1
DA:10,1
DA:11,1
DA:12,1
DA:13,1
DA:14,1
DA:15,1
DA:16,1
DA:17,1
DA:18,1
DA:19,1
DA:20,1
DA:21,1
DA:22,1
DA:23,1
DA:24,1
DA:25,1
DA:26,0
DA:27,0
DA:28,0
DA:29,0
DA:30,1
DA:31,1
DA:32,1
DA:33,1
DA:34,1
DA:35,1
DA:36,1
DA:37,1
DA:38,1
DA:39,1
DA:40,1
DA:41,1
DA:42,1
DA:43,1
DA:44,1
DA:45,1
DA:46,1
DA:47,1
DA:48,1
DA:49,1
DA:50,1
DA:51,1
DA:52,1
DA:53,1
DA:54,1
DA:55,1
DA:56,1
DA:57,1
DA:58,1
DA:59,1
DA:60,1
LF:60
LH:56
BRF:0
BRH:0
end_of_record
TN:
SF:api/db/migrations/20220611170725_trigger_updated_at.js
FN:6,Object.<anonymous>.exports.up
FN:24,Object.<anonymous>.exports.down
FNF:2
FNH:2
FNDA:1,Object.<anonymous>.exports.up
FNDA:1,Object.<anonymous>.exports.down
DA:1,1
DA:2,1
DA:3,1
DA:4,1
DA:5,1
DA:6,1
DA:7,1
DA:8,1
DA:9,1
DA:10,0
DA:11,0
DA:12,0
DA:13,0
DA:14,0
DA:15,0
DA:16,0
DA:17,0
DA:18,0
DA:19,0
DA:20,0
DA:21,0
DA:22,0
DA:23,1
DA:24,1
DA:25,1
DA:26,1
DA:27,1
DA:28,0
DA:29,0
DA:30,0
DA:31,0
DA:32,0
DA:33,1
LF:33
LH:15
BRDA:6,0,0,1
BRDA:9,1,0,0
BRDA:24,2,0,1
BRDA:27,3,0,0
BRF:4
BRH:2
end_of_record
TN:
SF:api/db/migrations/20220611170736_users.js
FN:6,Object.<anonymous>.exports.up
FN:37,Object.<anonymous>.exports.down
FNF:2
FNH:2
FNDA:1,Object.<anonymous>.exports.up
FNDA:1,Object.<anonymous>.exports.down
DA:1,1
DA:2,1
DA:3,1
DA:4,1
DA:5,1
DA:6,1
DA:7,1
DA:8,1
DA:9,1
DA:10,1
DA:11,1
DA:12,1
DA:13,1
DA:14,1
DA:15,1
DA:16,1
DA:17,1
DA:18,1
DA:19,1
DA:20,1
DA:21,1
DA:22,0
DA:23,0
DA:24,0
DA:25,0
DA:26,0
DA:27,0
DA:28,0
DA:29,0
DA:30,1
DA:31,1
DA:32,1
DA:33,1
DA:34,1
DA:35,1
DA:36,1
DA:37,1
DA:38,1
DA:39,1
DA:40,1
LF:40
LH:32
BRDA:6,0,0,1
BRDA:21,1,0,0
BRDA:7,2,0,1
BRDA:9,3,0,1
BRDA:37,4,0,1
BRF:5
BRH:4
end_of_record
TN:
SF:api/db/migrations/20220611170741_posts.js
FN:5,Object.<anonymous>.exports.up
FN:39,Object.<anonymous>.exports.down
FNF:2
FNH:2
FNDA:1,Object.<anonymous>.exports.up
FNDA:1,Object.<anonymous>.exports.down
DA:1,1
DA:2,1
DA:3,1
DA:4,1
DA:5,1
DA:6,1
DA:7,1
DA:8,1
DA:9,1
DA:10,1
DA:11,1
DA:12,1
DA:13,1
DA:14,1
DA:15,1
DA:16,1
DA:17,1
DA:18,1
DA:19,1
DA:20,1
DA:21,1
DA:22,1
DA:23,1
DA:24,0
DA:25,0
DA:26,0
DA:27,0
DA:28,0
DA:29,0
DA:30,0
DA:31,0
DA:32,1
DA:33,1
DA:34,1
DA:35,1
DA:36,1
DA:37,1
DA:38,1
DA:39,1
DA:40,1
DA:41,1
LF:41
LH:33
BRDA:5,0,0,1
BRDA:23,1,0,0
BRDA:6,2,0,1
BRDA:8,3,0,1
BRDA:39,4,0,1
BRF:5
BRH:4
end_of_record
TN:
SF:api/db/migrations/20220611170746_comments.js
FN:5,Object.<anonymous>.exports.up
FN:39,Object.<anonymous>.exports.down
FNF:2
FNH:2
FNDA:1,Object.<anonymous>.exports.up
FNDA:1,Object.<anonymous>.exports.down
DA:1,1
DA:2,1
DA:3,1
DA:4,1
DA:5,1
DA:6,1
DA:7,1
DA:8,1
DA:9,1
DA:10,1
DA:11,1
DA:12,1
DA:13,1
DA:14,1
DA:15,1
DA:16,1
DA:17,1
DA:18,1
DA:19,1
DA:20,1
DA:21,1
DA:22,1
DA:23,0
DA:24,0
DA:25,0
DA:26,0
DA:27,0
DA:28,0
DA:29,0
DA:30,0
DA:31,1
DA:32,1
DA:33,1
DA:34,1
DA:35,1
DA:36,1
DA:37,1
DA:38,1
DA:39,1
DA:40,1
DA:41,1
LF:41
LH:33
BRDA:5,0,0,1
BRDA:22,1,0,0
BRDA:6,2,0,1
BRDA:8,3,0,1
BRDA:39,4,0,1
BRF:5
BRH:4
end_of_record
TN:
SF:api/db/seeds/00-cleanup.js
FN:8,Object.<anonymous>.exports.seed
FNF:1
FNH:1
FNDA:1,Object.<anonymous>.exports.seed
DA:1,1
DA:2,1
DA:3,1
DA:4,1
DA:5,1
DA:6,1
DA:7,1
DA:8,1
DA:9,1
DA:10,1
DA:11,1
DA:12,1
LF:12
LH:12
BRDA:8,0,0,1
BRF:1
BRH:1
end_of_record
TN:
SF:api/db/seeds/01-users.js
FN:5,Object.<anonymous>.exports.seed
FNF:1
FNH:1
FNDA:1,Object.<anonymous>.exports.seed
DA:1,1
DA:2,1
DA:3,1
DA:4,1
DA:5,1
DA:6,1
DA:7,1
DA:8,1
DA:9,1
DA:10,1
DA:11,1
DA:12,1
DA:13,1
DA:14,1
DA:15,1
DA:16,1
DA:17,1
DA:18,1
DA:19,1
DA:20,1
LF:20
LH:20
BRDA:5,0,0,1
BRF:1
BRH:1
end_of_record
TN:
SF:api/db/seeds/02-posts.js
FN:5,Object.<anonymous>.exports.seed
FNF:1
FNH:1
FNDA:1,Object.<anonymous>.exports.seed
DA:1,1
DA:2,1
DA:3,1
DA:4,1
DA:5,1
DA:6,1
DA:7,1
DA:8,1
DA:9,1
DA:10,1
DA:11,1
DA:12,1
DA:13,1
DA:14,1
DA:15,1
DA:16,1
DA:17,1
DA:18,1
LF:18
LH:18
BRDA:5,0,0,1
BRF:1
BRH:1
end_of_record
TN:
SF:api/db/seeds/03-comments.js
FN:5,Object.<anonymous>.exports.seed
FNF:1
FNH:1
FNDA:1,Object.<anonymous>.exports.seed
DA:1,1
DA:2,1
DA:3,1
DA:4,1
DA:5,1
DA:6,1
DA:7,1
DA:8,1
DA:9,1
DA:10,1
DA:11,1
DA:12,1
DA:13,1
DA:14,1
DA:15,1
DA:16,1
DA:17,1
DA:18,1
LF:18
LH:18
BRDA:5,0,0,1
BRF:1
BRH:1
end_of_record
TN:
SF:api/middleware/isLoggedIn.js
FN:1,isLoggedIn
FN:14,isLoggedOut
FNF:2
FNH:0
FNDA:0,isLoggedIn
FNDA:0,isLoggedOut
DA:1,1
DA:2,0
DA:3,0
DA:4,0
DA:5,0
DA:6,0
DA:7,0
DA:8,0
DA:9,0
DA:10,0
DA:11,0
DA:12,0
DA:13,1
DA:14,1
DA:15,0
DA:16,0
DA:17,0
DA:18,0
DA:19,0
DA:20,0
DA:21,0
DA:22,0
DA:23,0
DA:24,0
DA:25,0
DA:26,0
DA:27,0
DA:28,1
DA:29,1
DA:30,1
DA:31,1
LF:31
LH:7
BRF:0
BRH:0
end_of_record
TN:
SF:api/middleware/validate.js
FN:3,Object.<anonymous>.exports.registrationValidation
FN:16,errorFormatter
FN:30,Object.<anonymous>.exports.loginValidation
FN:35,errorFormatter
FN:49,Object.<anonymous>.exports.postValidation
FN:70,Object.<anonymous>.exports.commentValidation
FNF:6
FNH:2
FNDA:1,Object.<anonymous>.exports.registrationValidation
FNDA:0,errorFormatter
FNDA:5,Object.<anonymous>.exports.loginValidation
FNDA:0,errorFormatter
FNDA:0,Object.<anonymous>.exports.postValidation
FNDA:0,Object.<anonymous>.exports.commentValidation
DA:1,1
DA:2,1
DA:3,1
DA:4,1
DA:5,1
DA:6,1
DA:7,1
DA:8,1
DA:9,1
DA:10,0
DA:11,0
DA:12,1
DA:13,1
DA:14,1
DA:15,1
DA:16,1
DA:17,0
DA:18,1
DA:19,1
DA:20,1
DA:21,1
DA:22,1
DA:23,0
DA:24,0
DA:25,0
DA:26,0
DA:27,1
DA:28,1
DA:29,1
DA:30,1
DA:31,5
DA:32,5
DA:33,5
DA:34,5
DA:35,5
DA:36,0
DA:37,5
DA:38,5
DA:39,5
DA:40,5
DA:41,5
DA:42,0
DA:43,0
DA:44,0
DA:45,0
DA:46,5
DA:47,5
DA:48,1
DA:49,1
DA:50,0
DA:51,0
DA:52,0
DA:53,0
DA:54,0
DA:55,0
DA:56,0
DA:57,0
DA:58,0
DA:59,0
DA:60,0
DA:61,0
DA:62,0
DA:63,0
DA:64,0
DA:65,0
DA:66,0
DA:67,0
DA:68,0
DA:69,1
DA:70,1
DA:71,0
DA:72,0
DA:73,0
DA:74,0
DA:75,0
DA:76,0
DA:77,0
DA:78,0
DA:79,0
DA:80,0
DA:81,0
DA:82,0
DA:83,0
DA:84,0
DA:85,0
LF:85
LH:39
BRDA:3,0,0,1
BRDA:22,1,0,0
BRDA:8,2,0,1
BRDA:9,3,0,0
BRDA:30,4,0,5
BRDA:41,5,0,0
BRF:6
BRH:3
end_of_record
TN:
SF:api/models/commentsModel.js
FN:13,find
FN:18,findOne
FN:22,findById
FN:27,add
FN:32,update
FN:37,remove
FN:42,findCommentById
FNF:7
FNH:1
FNDA:1,find
FNDA:0,findOne
FNDA:0,findById
FNDA:0,add
FNDA:0,update
FNDA:0,remove
FNDA:0,findCommentById
DA:1,1
DA:2,1
DA:3,1
DA:4,1
DA:5,1
DA:6,1
DA:7,1
DA:8,1
DA:9,1
DA:10,1
DA:11,1
DA:12,1
DA:13,1
DA:14,1
DA:15,1
DA:16,1
DA:17,1
DA:18,0
DA:19,0
DA:20,0
DA:21,1
DA:22,0
DA:23,0
DA:24,0
DA:25,0
DA:26,1
DA:27,0
DA:28,0
DA:29,0
DA:30,0
DA:31,1
DA:32,0
DA:33,0
DA:34,0
DA:35,0
DA:36,1
DA:37,0
DA:38,0
DA:39,0
DA:40,0
DA:41,1
DA:42,0
DA:43,0
DA:44,0
DA:45,0
LF:45
LH:22
BRDA:13,0,0,1
BRF:1
BRH:1
end_of_record
TN:
SF:api/models/postCommentModel.js
FN:7,findPostComments
FNF:1
FNH:0
FNDA:0,findPostComments
DA:1,1
DA:2,1
DA:3,1
DA:4,1
DA:5,1
DA:6,1
DA:7,0
DA:8,0
DA:9,0
DA:10,0
DA:11,0
DA:12,0
DA:13,0
LF:13
LH:6
BRF:0
BRH:0
end_of_record
TN:
SF:api/models/postsModel.js
FN:12,find
FN:17,findOne
FN:21,findById
FN:26,add
FN:34,update
FN:39,remove
FNF:6
FNH:1
FNDA:1,find
FNDA:0,findOne
FNDA:0,findById
FNDA:0,add
FNDA:0,update
FNDA:0,remove
DA:1,1
DA:2,1
DA:3,1
DA:4,1
DA:5,1
DA:6,1
DA:7,1
DA:8,1
DA:9,1
DA:10,1
DA:11,1
DA:12,1
DA:13,1
DA:14,1
DA:15,1
DA:16,1
DA:17,0
DA:18,0
DA:19,0
DA:20,1
DA:21,0
DA:22,0
DA:23,0
DA:24,0
DA:25,1
DA:26,0
DA:27,0
DA:28,0
DA:29,0
DA:30,0
DA:31,0
DA:32,0
DA:33,1
DA:34,0
DA:35,0
DA:36,0
DA:37,0
DA:38,1
DA:39,0
DA:40,0
DA:41,0
DA:42,0
LF:42
LH:20
BRDA:12,0,0,1
BRF:1
BRH:1
end_of_record
TN:
SF:api/models/userPostModel.js
FN:7,findPostByUserId
FNF:1
FNH:0
FNDA:0,findPostByUserId
DA:1,1
DA:2,1
DA:3,1
DA:4,1
DA:5,1
DA:6,1
DA:7,0
DA:8,0
DA:9,0
DA:10,0
DA:11,0
DA:12,0
DA:13,0
DA:14,0
LF:14
LH:6
BRF:0
BRH:0
end_of_record
TN:
SF:api/models/usersModel.js
FN:15,find
FN:19,findById
FN:23,findOne
FN:27,add
FN:37,update
FN:42,remove
FN:47,addImage
FN:52,findUserImage
FN:58,removeImage
FNF:9
FNH:3
FNDA:1,find
FNDA:0,findById
FNDA:6,findOne
FNDA:1,add
FNDA:0,update
FNDA:0,remove
FNDA:0,addImage
FNDA:0,findUserImage
FNDA:0,removeImage
DA:1,1
DA:2,1
DA:3,1
DA:4,1
DA:5,1
DA:6,1
DA:7,1
DA:8,1
DA:9,1
DA:10,1
DA:11,1
DA:12,1
DA:13,1
DA:14,1
DA:15,1
DA:16,1
DA:17,1
DA:18,1
DA:19,0
DA:20,0
DA:21,0
DA:22,1
DA:23,6
DA:24,6
DA:25,6
DA:26,1
DA:27,1
DA:28,1
DA:29,1
DA:30,1
DA:31,1
DA:32,1
DA:33,1
DA:34,1
DA:35,1
DA:36,1
DA:37,0
DA:38,0
DA:39,0
DA:40,0
DA:41,1
DA:42,0
DA:43,0
DA:44,0
DA:45,0
DA:46,1
DA:47,0
DA:48,0
DA:49,0
DA:50,0
DA:51,1
DA:52,0
DA:53,0
DA:54,0
DA:55,0
DA:56,0
DA:57,1
DA:58,0
DA:59,0
DA:60,0
DA:61,0
LF:61
LH:37
BRDA:15,0,0,1
BRDA:23,1,0,6
BRDA:27,2,0,1
BRF:3
BRH:3
end_of_record
TN:
SF:api/routes/authRouter.js
FNF:0
FNH:0
DA:1,1
DA:2,1
DA:3,1
DA:4,1
DA:5,1
DA:6,1
DA:7,1
DA:8,1
DA:9,1
DA:10,1
DA:11,1
DA:12,1
DA:13,1
DA:14,1
DA:15,1
DA:16,1
DA:17,1
DA:18,1
DA:19,1
DA:20,1
DA:21,1
DA:22,1
DA:23,1
DA:24,1
DA:25,1
DA:26,1
DA:27,1
DA:28,1
DA:29,1
DA:30,1
DA:31,1
DA:32,1
DA:33,1
DA:34,1
DA:35,1
DA:36,1
DA:37,1
DA:38,1
LF:38
LH:38
BRF:0
BRH:0
end_of_record
TN:
SF:api/routes/commentsRouter.js
FNF:0
FNH:0
DA:1,1
DA:2,1
DA:3,1
DA:4,1
DA:5,1
DA:6,1
DA:7,1
DA:8,1
DA:9,1
DA:10,1
DA:11,1
DA:12,1
DA:13,1
DA:14,1
DA:15,1
DA:16,1
DA:17,1
DA:18,1
DA:19,1
DA:20,1
DA:21,1
DA:22,1
DA:23,1
DA:24,1
DA:25,1
DA:26,1
DA:27,1
DA:28,1
DA:29,1
DA:30,1
DA:31,1
DA:32,1
DA:33,1
DA:34,1
DA:35,1
DA:36,1
DA:37,1
DA:38,1
DA:39,1
LF:39
LH:39
BRF:0
BRH:0
end_of_record
TN:
SF:api/routes/postCommentRouter.js
FNF:0
FNH:0
DA:1,1
DA:2,1
DA:3,1
DA:4,1
DA:5,1
DA:6,1
DA:7,1
DA:8,1
DA:9,1
DA:10,1
LF:10
LH:10
BRF:0
BRH:0
end_of_record
TN:
SF:api/routes/postsRoutes.js
FNF:0
FNH:0
DA:1,1
DA:2,1
DA:3,1
DA:4,1
DA:5,1
DA:6,1
DA:7,1
DA:8,1
DA:9,1
DA:10,1
DA:11,1
DA:12,1
DA:13,1
DA:14,1
DA:15,1
DA:16,1
DA:17,1
DA:18,1
DA:19,1
DA:20,1
DA:21,1
DA:22,1
DA:23,1
DA:24,1
DA:25,1
DA:26,1
DA:27,1
DA:28,1
DA:29,1
DA:30,1
DA:31,1
DA:32,1
DA:33,1
DA:34,1
DA:35,1
DA:36,1
DA:37,1
DA:38,1
DA:39,1
LF:39
LH:39
BRF:0
BRH:0
end_of_record
TN:
SF:api/routes/userPostRoutes.js
FNF:0
FNH:0
DA:1,1
DA:2,1
DA:3,1
DA:4,1
DA:5,1
DA:6,1
DA:7,1
DA:8,1
DA:9,1
DA:10,1
DA:11,1
LF:11
LH:11
BRF:0
BRH:0
end_of_record
TN:
SF:api/routes/usersRouter.js
FNF:0
FNH:0
DA:1,1
DA:2,1
DA:3,1
DA:4,1
DA:5,1
DA:6,1
DA:7,1
DA:8,1
DA:9,1
DA:10,1
DA:11,1
DA:12,1
DA:13,1
DA:14,1
DA:15,1
DA:16,1
DA:17,1
DA:18,1
DA:19,1
DA:20,1
DA:21,1
DA:22,1
DA:23,1
DA:24,1
DA:25,1
DA:26,1
DA:27,1
DA:28,1
DA:29,1
DA:30,1
DA:31,1
DA:32,1
DA:33,1
DA:34,1
DA:35,1
DA:36,1
DA:37,1
DA:38,1
DA:39,1
DA:40,1
DA:41,1
DA:42,1
DA:43,1
DA:44,1
DA:45,1
DA:46,1
DA:47,1
DA:48,1
DA:49,1
DA:50,1
DA:51,1
DA:52,1
DA:53,1
DA:54,1
DA:55,1
DA:56,1
DA:57,1
LF:57
LH:57
BRF:0
BRH:0
end_of_record
TN:
SF:api/utils/roles.js
FNF:0
FNH:0
DA:1,1
DA:2,1
DA:3,1
DA:4,1
DA:5,1
DA:6,1
DA:7,1
DA:8,1
DA:9,1
DA:10,1
DA:11,1
DA:12,1
DA:13,1
DA:14,1
DA:15,1
DA:16,1
DA:17,1
DA:18,1
DA:19,1
DA:20,1
DA:21,1
DA:22,1
DA:23,1
DA:24,1
DA:25,1
DA:26,1
LF:26
LH:26
BRDA:4,0,0,1
BRF:1
BRH:1
end_of_record
TN:
SF:api/utils/utils.tokens.js
FN:9,generateAccessToken
FN:14,generateRefreshToken
FN:19,verifyToken
FNF:3
FNH:3
FNDA:10,generateAccessToken
FNDA:5,generateRefreshToken
FNDA:4,verifyToken
DA:1,1
DA:2,1
DA:3,1
DA:4,1
DA:5,1
DA:6,1
DA:7,1
DA:8,1
DA:9,10
DA:10,10
DA:11,10
DA:12,10
DA:13,1
DA:14,5
DA:15,5
DA:16,5
DA:17,5
DA:18,1
DA:19,1
DA:20,4
DA:21,4
DA:22,4
DA:23,4
DA:24,4
DA:25,4
DA:26,4
DA:27,4
DA:28,4
DA:29,4
DA:30,4
DA:31,4
DA:32,4
DA:33,4
DA:34,4
DA:35,0
DA:36,0
DA:37,4
DA:38,1
DA:39,1
DA:40,1
DA:41,1
DA:42,1
DA:43,1
LF:43
LH:41
BRDA:9,0,0,10
BRDA:14,1,0,5
BRDA:19,2,0,4
BRDA:26,3,0,0
BRDA:34,4,0,0
BRF:5
BRH:3
end_of_record
